Grammar

    0 $accept: Start $end

    1 Start: ClassList Class

    2 ClassList: ClassList Class
    3          | %empty

    4 Class: ClassName t_extends ClassName '{' DeclarationList MethodList '}'
    5      | ClassName '{' DeclarationList MethodList '}'
    6      | ClassName t_extends ClassName '{' DeclarationList '}'
    7      | ClassName '{' DeclarationList '}'
    8      | ClassName t_extends ClassName '{' MethodList '}'
    9      | ClassName '{' MethodList '}'
   10      | ClassName t_extends ClassName '{' '}'
   11      | ClassName '{' '}'

   12 DeclarationList: DeclarationList Type MemberName MemberNames ';'
   13                | Type MemberName MemberNames ';'

   14 MethodList: MethodList MethodName '(' Parameters ')' t_arrow Type '{' DeclarationList MethodBodyList MethodBodyReturn '}'
   15           | MethodName '(' Parameters ')' t_arrow Type '{' DeclarationList MethodBodyList MethodBodyReturn '}'
   16           | MethodList MethodName '(' Parameters ')' t_arrow Type '{' MethodBodyList MethodBodyReturn '}'
   17           | MethodName '(' Parameters ')' t_arrow Type '{' MethodBodyList MethodBodyReturn '}'
   18           | MethodList MethodName '(' Parameters ')' t_arrow Type '{' DeclarationList MethodBodyReturn '}'
   19           | MethodName '(' Parameters ')' t_arrow Type '{' DeclarationList MethodBodyReturn '}'
   20           | MethodList MethodName '(' Parameters ')' t_arrow Type '{' DeclarationList MethodBodyList '}'
   21           | MethodName '(' Parameters ')' t_arrow Type '{' DeclarationList MethodBodyList '}'
   22           | MethodList MethodName '(' Parameters ')' t_arrow Type '{' DeclarationList '}'
   23           | MethodName '(' Parameters ')' t_arrow Type '{' DeclarationList '}'
   24           | MethodList MethodName '(' Parameters ')' t_arrow Type '{' MethodBodyList '}'
   25           | MethodName '(' Parameters ')' t_arrow Type '{' MethodBodyList '}'
   26           | MethodList MethodName '(' Parameters ')' t_arrow Type '{' MethodBodyReturn '}'
   27           | MethodName '(' Parameters ')' t_arrow Type '{' MethodBodyReturn '}'
   28           | MethodList MethodName '(' Parameters ')' t_arrow Type '{' '}'
   29           | MethodName '(' Parameters ')' t_arrow Type '{' '}'

   30 MemberNames: ',' first_id MemberNames
   31            | %empty

   32 NesMethodName: first_id '.' first_id
   33              | first_id t_arrow first_id

   34 Parameters: Parameter ParametersRest
   35           | %empty

   36 ParametersRest: ',' Parameter ParametersRest
   37               | %empty

   38 Parameter: Type first_id

   39 Type: t_int_type
   40     | t_bool_type
   41     | t_none_type
   42     | first_id

   43 MethodBodyList: MethodBodyList Statement
   44               | Statement

   45 MethodBodyReturn: t_return Expression ';'

   46 Statement: first_id '=' Expression ';'
   47          | first_id '.' first_id '=' Expression ';'
   48          | first_id t_arrow first_id '=' Expression ';'
   49          | MethodCall ';'
   50          | t_if Expression '{' Statement Block '}'
   51          | t_if Expression '{' Statement Block '}' t_else '{' Statement Block '}'
   52          | t_while Expression '{' Statement Block '}'
   53          | t_do '{' Statement Block '}' t_while '(' Expression ')' ';'
   54          | t_print Expression ';'

   55 MethodCallInputs: MethodCallInput MethodCallInputsRest
   56                 | %empty

   57 MethodCallInputsRest: ',' MethodCallInput MethodCallInputsRest
   58                     | %empty

   59 MethodCallInput: Expression

   60 Block: Statement Block
   61      | %empty

   62 Expression: Expression '+' Expression
   63           | Expression '-' Expression
   64           | Expression '*' Expression
   65           | Expression '/' Expression
   66           | Expression '>' Expression
   67           | Expression t_geq Expression
   68           | Expression t_equals Expression
   69           | Expression t_and Expression
   70           | Expression t_or Expression
   71           | t_not Expression
   72           | '-' Expression
   73           | first_id
   74           | first_id '.' first_id
   75           | first_id t_arrow first_id
   76           | MethodCall
   77           | '(' Expression ')'
   78           | t_number
   79           | t_true
   80           | t_false
   81           | t_new ClassName
   82           | t_new ClassName '(' MethodCallInputs ')'

   83 MethodCall: MethodName '(' MethodCallInputs ')'
   84           | NesMethodName '(' MethodCallInputs ')'

   85 ClassName: first_id

   86 MemberName: first_id

   87 MethodName: first_id

   88 first_id: t_id


Terminals, with rules where they appear

    $end (0) 0
    '(' (40) 14 15 16 17 18 19 20 21 22 23 24 25 26 27 28 29 53 77 82 83 84
    ')' (41) 14 15 16 17 18 19 20 21 22 23 24 25 26 27 28 29 53 77 82 83 84
    '*' (42) 64
    '+' (43) 62
    ',' (44) 30 36 57
    '-' (45) 63 72
    '.' (46) 32 47 74
    '/' (47) 65
    ';' (59) 12 13 45 46 47 48 49 53 54
    '=' (61) 46 47 48
    '>' (62) 66
    '{' (123) 4 5 6 7 8 9 10 11 14 15 16 17 18 19 20 21 22 23 24 25 26 27 28 29 50 51 52 53
    '}' (125) 4 5 6 7 8 9 10 11 14 15 16 17 18 19 20 21 22 23 24 25 26 27 28 29 50 51 52 53
    error (256)
    t_print (258) 54
    t_return (259) 45
    t_if (260) 50 51
    t_else (261) 51
    t_while (262) 52 53
    t_new (263) 81 82
    t_equals (264) 68
    t_and (265) 69
    t_or (266) 70
    t_not (267) 71
    t_extends (268) 4 6 8 10
    t_do (269) 53
    t_true (270) 79
    t_false (271) 80
    t_arrow (272) 14 15 16 17 18 19 20 21 22 23 24 25 26 27 28 29 33 48 75
    t_geq (273) 67
    unary_minus (274)
    t_id (275) 88
    t_int_type (276) 39
    t_bool_type (277) 40
    t_none_type (278) 41
    t_number <integerliteral_ptr> (279) 78


Nonterminals, with rules where they appear

    $accept (38)
        on left: 0
    Start <program_ptr> (39)
        on left: 1
        on right: 0
    ClassList <class_list_ptr> (40)
        on left: 2 3
        on right: 1 2
    Class <class_ptr> (41)
        on left: 4 5 6 7 8 9 10 11
        on right: 1 2
    DeclarationList <declaration_list_ptr> (42)
        on left: 12 13
        on right: 4 5 6 7 12 14 15 18 19 20 21 22 23
    MethodList <method_list_ptr> (43)
        on left: 14 15 16 17 18 19 20 21 22 23 24 25 26 27 28 29
        on right: 4 5 8 9 14 16 18 20 22 24 26 28
    MemberNames <identifier_list_ptr> (44)
        on left: 30 31
        on right: 12 13 30
    NesMethodName <identifier_list_ptr> (45)
        on left: 32 33
        on right: 84
    Parameters <parameter_list_ptr> (46)
        on left: 34 35
        on right: 14 15 16 17 18 19 20 21 22 23 24 25 26 27 28 29
    ParametersRest <parameter_list_ptr> (47)
        on left: 36 37
        on right: 34 36
    Parameter <parameter_ptr> (48)
        on left: 38
        on right: 34 36
    Type <type_ptr> (49)
        on left: 39 40 41 42
        on right: 12 13 14 15 16 17 18 19 20 21 22 23 24 25 26 27 28 29 38
    MethodBodyList <statement_list_ptr> (50)
        on left: 43 44
        on right: 14 15 16 17 20 21 24 25 43
    MethodBodyReturn <returnstatement_ptr> (51)
        on left: 45
        on right: 14 15 16 17 18 19 26 27
    Statement <statement_ptr> (52)
        on left: 46 47 48 49 50 51 52 53 54
        on right: 43 44 50 51 52 53 60
    MethodCallInputs <expression_list_ptr> (53)
        on left: 55 56
        on right: 82 83 84
    MethodCallInputsRest <expression_list_ptr> (54)
        on left: 57 58
        on right: 55 57
    MethodCallInput <expression_ptr> (55)
        on left: 59
        on right: 55 57
    Block <statement_list_ptr> (56)
        on left: 60 61
        on right: 50 51 52 53 60
    Expression <expression_ptr> (57)
        on left: 62 63 64 65 66 67 68 69 70 71 72 73 74 75 76 77 78 79 80 81 82
        on right: 45 46 47 48 50 51 52 53 54 59 62 63 64 65 66 67 68 69 70 71 72 77
    MethodCall <methodcall_ptr> (58)
        on left: 83 84
        on right: 49 76
    ClassName <identifier_ptr> (59)
        on left: 85
        on right: 4 5 6 7 8 9 10 11 81 82
    MemberName <identifier_ptr> (60)
        on left: 86
        on right: 12 13
    MethodName <identifier_ptr> (61)
        on left: 87
        on right: 14 15 16 17 18 19 20 21 22 23 24 25 26 27 28 29 83
    first_id <identifier_ptr> (62)
        on left: 88
        on right: 30 32 33 38 42 46 47 48 73 74 75 85 86 87


State 0

    0 $accept: • Start $end

    $default  reduce using rule 3 (ClassList)

    Start      go to state 1
    ClassList  go to state 2


State 1

    0 $accept: Start • $end

    $end  shift, and go to state 3


State 2

    1 Start: ClassList • Class
    2 ClassList: ClassList • Class

    t_id  shift, and go to state 4

    Class      go to state 5
    ClassName  go to state 6
    first_id   go to state 7


State 3

    0 $accept: Start $end •

    $default  accept


State 4

   88 first_id: t_id •

    $default  reduce using rule 88 (first_id)


State 5

    1 Start: ClassList Class •
    2 ClassList: ClassList Class •

    t_id      reduce using rule 2 (ClassList)
    $default  reduce using rule 1 (Start)


State 6

    4 Class: ClassName • t_extends ClassName '{' DeclarationList MethodList '}'
    5      | ClassName • '{' DeclarationList MethodList '}'
    6      | ClassName • t_extends ClassName '{' DeclarationList '}'
    7      | ClassName • '{' DeclarationList '}'
    8      | ClassName • t_extends ClassName '{' MethodList '}'
    9      | ClassName • '{' MethodList '}'
   10      | ClassName • t_extends ClassName '{' '}'
   11      | ClassName • '{' '}'

    t_extends  shift, and go to state 8
    '{'        shift, and go to state 9


State 7

   85 ClassName: first_id •

    $default  reduce using rule 85 (ClassName)


State 8

    4 Class: ClassName t_extends • ClassName '{' DeclarationList MethodList '}'
    6      | ClassName t_extends • ClassName '{' DeclarationList '}'
    8      | ClassName t_extends • ClassName '{' MethodList '}'
   10      | ClassName t_extends • ClassName '{' '}'

    t_id  shift, and go to state 4

    ClassName  go to state 10
    first_id   go to state 7


State 9

    5 Class: ClassName '{' • DeclarationList MethodList '}'
    7      | ClassName '{' • DeclarationList '}'
    9      | ClassName '{' • MethodList '}'
   11      | ClassName '{' • '}'

    '}'          shift, and go to state 11
    t_id         shift, and go to state 4
    t_int_type   shift, and go to state 12
    t_bool_type  shift, and go to state 13
    t_none_type  shift, and go to state 14

    DeclarationList  go to state 15
    MethodList       go to state 16
    Type             go to state 17
    MethodName       go to state 18
    first_id         go to state 19


State 10

    4 Class: ClassName t_extends ClassName • '{' DeclarationList MethodList '}'
    6      | ClassName t_extends ClassName • '{' DeclarationList '}'
    8      | ClassName t_extends ClassName • '{' MethodList '}'
   10      | ClassName t_extends ClassName • '{' '}'

    '{'  shift, and go to state 20


State 11

   11 Class: ClassName '{' '}' •

    $default  reduce using rule 11 (Class)


State 12

   39 Type: t_int_type •

    $default  reduce using rule 39 (Type)


State 13

   40 Type: t_bool_type •

    $default  reduce using rule 40 (Type)


State 14

   41 Type: t_none_type •

    $default  reduce using rule 41 (Type)


State 15

    5 Class: ClassName '{' DeclarationList • MethodList '}'
    7      | ClassName '{' DeclarationList • '}'
   12 DeclarationList: DeclarationList • Type MemberName MemberNames ';'

    '}'          shift, and go to state 21
    t_id         shift, and go to state 4
    t_int_type   shift, and go to state 12
    t_bool_type  shift, and go to state 13
    t_none_type  shift, and go to state 14

    MethodList  go to state 22
    Type        go to state 23
    MethodName  go to state 18
    first_id    go to state 19


State 16

    9 Class: ClassName '{' MethodList • '}'
   14 MethodList: MethodList • MethodName '(' Parameters ')' t_arrow Type '{' DeclarationList MethodBodyList MethodBodyReturn '}'
   16           | MethodList • MethodName '(' Parameters ')' t_arrow Type '{' MethodBodyList MethodBodyReturn '}'
   18           | MethodList • MethodName '(' Parameters ')' t_arrow Type '{' DeclarationList MethodBodyReturn '}'
   20           | MethodList • MethodName '(' Parameters ')' t_arrow Type '{' DeclarationList MethodBodyList '}'
   22           | MethodList • MethodName '(' Parameters ')' t_arrow Type '{' DeclarationList '}'
   24           | MethodList • MethodName '(' Parameters ')' t_arrow Type '{' MethodBodyList '}'
   26           | MethodList • MethodName '(' Parameters ')' t_arrow Type '{' MethodBodyReturn '}'
   28           | MethodList • MethodName '(' Parameters ')' t_arrow Type '{' '}'

    '}'   shift, and go to state 24
    t_id  shift, and go to state 4

    MethodName  go to state 25
    first_id    go to state 26


State 17

   13 DeclarationList: Type • MemberName MemberNames ';'

    t_id  shift, and go to state 4

    MemberName  go to state 27
    first_id    go to state 28


State 18

   15 MethodList: MethodName • '(' Parameters ')' t_arrow Type '{' DeclarationList MethodBodyList MethodBodyReturn '}'
   17           | MethodName • '(' Parameters ')' t_arrow Type '{' MethodBodyList MethodBodyReturn '}'
   19           | MethodName • '(' Parameters ')' t_arrow Type '{' DeclarationList MethodBodyReturn '}'
   21           | MethodName • '(' Parameters ')' t_arrow Type '{' DeclarationList MethodBodyList '}'
   23           | MethodName • '(' Parameters ')' t_arrow Type '{' DeclarationList '}'
   25           | MethodName • '(' Parameters ')' t_arrow Type '{' MethodBodyList '}'
   27           | MethodName • '(' Parameters ')' t_arrow Type '{' MethodBodyReturn '}'
   29           | MethodName • '(' Parameters ')' t_arrow Type '{' '}'

    '('  shift, and go to state 29


State 19

   42 Type: first_id •
   87 MethodName: first_id •

    '('       reduce using rule 87 (MethodName)
    $default  reduce using rule 42 (Type)


State 20

    4 Class: ClassName t_extends ClassName '{' • DeclarationList MethodList '}'
    6      | ClassName t_extends ClassName '{' • DeclarationList '}'
    8      | ClassName t_extends ClassName '{' • MethodList '}'
   10      | ClassName t_extends ClassName '{' • '}'

    '}'          shift, and go to state 30
    t_id         shift, and go to state 4
    t_int_type   shift, and go to state 12
    t_bool_type  shift, and go to state 13
    t_none_type  shift, and go to state 14

    DeclarationList  go to state 31
    MethodList       go to state 32
    Type             go to state 17
    MethodName       go to state 18
    first_id         go to state 19


State 21

    7 Class: ClassName '{' DeclarationList '}' •

    $default  reduce using rule 7 (Class)


State 22

    5 Class: ClassName '{' DeclarationList MethodList • '}'
   14 MethodList: MethodList • MethodName '(' Parameters ')' t_arrow Type '{' DeclarationList MethodBodyList MethodBodyReturn '}'
   16           | MethodList • MethodName '(' Parameters ')' t_arrow Type '{' MethodBodyList MethodBodyReturn '}'
   18           | MethodList • MethodName '(' Parameters ')' t_arrow Type '{' DeclarationList MethodBodyReturn '}'
   20           | MethodList • MethodName '(' Parameters ')' t_arrow Type '{' DeclarationList MethodBodyList '}'
   22           | MethodList • MethodName '(' Parameters ')' t_arrow Type '{' DeclarationList '}'
   24           | MethodList • MethodName '(' Parameters ')' t_arrow Type '{' MethodBodyList '}'
   26           | MethodList • MethodName '(' Parameters ')' t_arrow Type '{' MethodBodyReturn '}'
   28           | MethodList • MethodName '(' Parameters ')' t_arrow Type '{' '}'

    '}'   shift, and go to state 33
    t_id  shift, and go to state 4

    MethodName  go to state 25
    first_id    go to state 26


State 23

   12 DeclarationList: DeclarationList Type • MemberName MemberNames ';'

    t_id  shift, and go to state 4

    MemberName  go to state 34
    first_id    go to state 28


State 24

    9 Class: ClassName '{' MethodList '}' •

    $default  reduce using rule 9 (Class)


State 25

   14 MethodList: MethodList MethodName • '(' Parameters ')' t_arrow Type '{' DeclarationList MethodBodyList MethodBodyReturn '}'
   16           | MethodList MethodName • '(' Parameters ')' t_arrow Type '{' MethodBodyList MethodBodyReturn '}'
   18           | MethodList MethodName • '(' Parameters ')' t_arrow Type '{' DeclarationList MethodBodyReturn '}'
   20           | MethodList MethodName • '(' Parameters ')' t_arrow Type '{' DeclarationList MethodBodyList '}'
   22           | MethodList MethodName • '(' Parameters ')' t_arrow Type '{' DeclarationList '}'
   24           | MethodList MethodName • '(' Parameters ')' t_arrow Type '{' MethodBodyList '}'
   26           | MethodList MethodName • '(' Parameters ')' t_arrow Type '{' MethodBodyReturn '}'
   28           | MethodList MethodName • '(' Parameters ')' t_arrow Type '{' '}'

    '('  shift, and go to state 35


State 26

   87 MethodName: first_id •

    $default  reduce using rule 87 (MethodName)


State 27

   13 DeclarationList: Type MemberName • MemberNames ';'

    ','  shift, and go to state 36

    $default  reduce using rule 31 (MemberNames)

    MemberNames  go to state 37


State 28

   86 MemberName: first_id •

    $default  reduce using rule 86 (MemberName)


State 29

   15 MethodList: MethodName '(' • Parameters ')' t_arrow Type '{' DeclarationList MethodBodyList MethodBodyReturn '}'
   17           | MethodName '(' • Parameters ')' t_arrow Type '{' MethodBodyList MethodBodyReturn '}'
   19           | MethodName '(' • Parameters ')' t_arrow Type '{' DeclarationList MethodBodyReturn '}'
   21           | MethodName '(' • Parameters ')' t_arrow Type '{' DeclarationList MethodBodyList '}'
   23           | MethodName '(' • Parameters ')' t_arrow Type '{' DeclarationList '}'
   25           | MethodName '(' • Parameters ')' t_arrow Type '{' MethodBodyList '}'
   27           | MethodName '(' • Parameters ')' t_arrow Type '{' MethodBodyReturn '}'
   29           | MethodName '(' • Parameters ')' t_arrow Type '{' '}'

    t_id         shift, and go to state 4
    t_int_type   shift, and go to state 12
    t_bool_type  shift, and go to state 13
    t_none_type  shift, and go to state 14

    $default  reduce using rule 35 (Parameters)

    Parameters  go to state 38
    Parameter   go to state 39
    Type        go to state 40
    first_id    go to state 41


State 30

   10 Class: ClassName t_extends ClassName '{' '}' •

    $default  reduce using rule 10 (Class)


State 31

    4 Class: ClassName t_extends ClassName '{' DeclarationList • MethodList '}'
    6      | ClassName t_extends ClassName '{' DeclarationList • '}'
   12 DeclarationList: DeclarationList • Type MemberName MemberNames ';'

    '}'          shift, and go to state 42
    t_id         shift, and go to state 4
    t_int_type   shift, and go to state 12
    t_bool_type  shift, and go to state 13
    t_none_type  shift, and go to state 14

    MethodList  go to state 43
    Type        go to state 23
    MethodName  go to state 18
    first_id    go to state 19


State 32

    8 Class: ClassName t_extends ClassName '{' MethodList • '}'
   14 MethodList: MethodList • MethodName '(' Parameters ')' t_arrow Type '{' DeclarationList MethodBodyList MethodBodyReturn '}'
   16           | MethodList • MethodName '(' Parameters ')' t_arrow Type '{' MethodBodyList MethodBodyReturn '}'
   18           | MethodList • MethodName '(' Parameters ')' t_arrow Type '{' DeclarationList MethodBodyReturn '}'
   20           | MethodList • MethodName '(' Parameters ')' t_arrow Type '{' DeclarationList MethodBodyList '}'
   22           | MethodList • MethodName '(' Parameters ')' t_arrow Type '{' DeclarationList '}'
   24           | MethodList • MethodName '(' Parameters ')' t_arrow Type '{' MethodBodyList '}'
   26           | MethodList • MethodName '(' Parameters ')' t_arrow Type '{' MethodBodyReturn '}'
   28           | MethodList • MethodName '(' Parameters ')' t_arrow Type '{' '}'

    '}'   shift, and go to state 44
    t_id  shift, and go to state 4

    MethodName  go to state 25
    first_id    go to state 26


State 33

    5 Class: ClassName '{' DeclarationList MethodList '}' •

    $default  reduce using rule 5 (Class)


State 34

   12 DeclarationList: DeclarationList Type MemberName • MemberNames ';'

    ','  shift, and go to state 36

    $default  reduce using rule 31 (MemberNames)

    MemberNames  go to state 45


State 35

   14 MethodList: MethodList MethodName '(' • Parameters ')' t_arrow Type '{' DeclarationList MethodBodyList MethodBodyReturn '}'
   16           | MethodList MethodName '(' • Parameters ')' t_arrow Type '{' MethodBodyList MethodBodyReturn '}'
   18           | MethodList MethodName '(' • Parameters ')' t_arrow Type '{' DeclarationList MethodBodyReturn '}'
   20           | MethodList MethodName '(' • Parameters ')' t_arrow Type '{' DeclarationList MethodBodyList '}'
   22           | MethodList MethodName '(' • Parameters ')' t_arrow Type '{' DeclarationList '}'
   24           | MethodList MethodName '(' • Parameters ')' t_arrow Type '{' MethodBodyList '}'
   26           | MethodList MethodName '(' • Parameters ')' t_arrow Type '{' MethodBodyReturn '}'
   28           | MethodList MethodName '(' • Parameters ')' t_arrow Type '{' '}'

    t_id         shift, and go to state 4
    t_int_type   shift, and go to state 12
    t_bool_type  shift, and go to state 13
    t_none_type  shift, and go to state 14

    $default  reduce using rule 35 (Parameters)

    Parameters  go to state 46
    Parameter   go to state 39
    Type        go to state 40
    first_id    go to state 41


State 36

   30 MemberNames: ',' • first_id MemberNames

    t_id  shift, and go to state 4

    first_id  go to state 47


State 37

   13 DeclarationList: Type MemberName MemberNames • ';'

    ';'  shift, and go to state 48


State 38

   15 MethodList: MethodName '(' Parameters • ')' t_arrow Type '{' DeclarationList MethodBodyList MethodBodyReturn '}'
   17           | MethodName '(' Parameters • ')' t_arrow Type '{' MethodBodyList MethodBodyReturn '}'
   19           | MethodName '(' Parameters • ')' t_arrow Type '{' DeclarationList MethodBodyReturn '}'
   21           | MethodName '(' Parameters • ')' t_arrow Type '{' DeclarationList MethodBodyList '}'
   23           | MethodName '(' Parameters • ')' t_arrow Type '{' DeclarationList '}'
   25           | MethodName '(' Parameters • ')' t_arrow Type '{' MethodBodyList '}'
   27           | MethodName '(' Parameters • ')' t_arrow Type '{' MethodBodyReturn '}'
   29           | MethodName '(' Parameters • ')' t_arrow Type '{' '}'

    ')'  shift, and go to state 49


State 39

   34 Parameters: Parameter • ParametersRest

    ','  shift, and go to state 50

    $default  reduce using rule 37 (ParametersRest)

    ParametersRest  go to state 51


State 40

   38 Parameter: Type • first_id

    t_id  shift, and go to state 4

    first_id  go to state 52


State 41

   42 Type: first_id •

    $default  reduce using rule 42 (Type)


State 42

    6 Class: ClassName t_extends ClassName '{' DeclarationList '}' •

    $default  reduce using rule 6 (Class)


State 43

    4 Class: ClassName t_extends ClassName '{' DeclarationList MethodList • '}'
   14 MethodList: MethodList • MethodName '(' Parameters ')' t_arrow Type '{' DeclarationList MethodBodyList MethodBodyReturn '}'
   16           | MethodList • MethodName '(' Parameters ')' t_arrow Type '{' MethodBodyList MethodBodyReturn '}'
   18           | MethodList • MethodName '(' Parameters ')' t_arrow Type '{' DeclarationList MethodBodyReturn '}'
   20           | MethodList • MethodName '(' Parameters ')' t_arrow Type '{' DeclarationList MethodBodyList '}'
   22           | MethodList • MethodName '(' Parameters ')' t_arrow Type '{' DeclarationList '}'
   24           | MethodList • MethodName '(' Parameters ')' t_arrow Type '{' MethodBodyList '}'
   26           | MethodList • MethodName '(' Parameters ')' t_arrow Type '{' MethodBodyReturn '}'
   28           | MethodList • MethodName '(' Parameters ')' t_arrow Type '{' '}'

    '}'   shift, and go to state 53
    t_id  shift, and go to state 4

    MethodName  go to state 25
    first_id    go to state 26


State 44

    8 Class: ClassName t_extends ClassName '{' MethodList '}' •

    $default  reduce using rule 8 (Class)


State 45

   12 DeclarationList: DeclarationList Type MemberName MemberNames • ';'

    ';'  shift, and go to state 54


State 46

   14 MethodList: MethodList MethodName '(' Parameters • ')' t_arrow Type '{' DeclarationList MethodBodyList MethodBodyReturn '}'
   16           | MethodList MethodName '(' Parameters • ')' t_arrow Type '{' MethodBodyList MethodBodyReturn '}'
   18           | MethodList MethodName '(' Parameters • ')' t_arrow Type '{' DeclarationList MethodBodyReturn '}'
   20           | MethodList MethodName '(' Parameters • ')' t_arrow Type '{' DeclarationList MethodBodyList '}'
   22           | MethodList MethodName '(' Parameters • ')' t_arrow Type '{' DeclarationList '}'
   24           | MethodList MethodName '(' Parameters • ')' t_arrow Type '{' MethodBodyList '}'
   26           | MethodList MethodName '(' Parameters • ')' t_arrow Type '{' MethodBodyReturn '}'
   28           | MethodList MethodName '(' Parameters • ')' t_arrow Type '{' '}'

    ')'  shift, and go to state 55


State 47

   30 MemberNames: ',' first_id • MemberNames

    ','  shift, and go to state 36

    $default  reduce using rule 31 (MemberNames)

    MemberNames  go to state 56


State 48

   13 DeclarationList: Type MemberName MemberNames ';' •

    $default  reduce using rule 13 (DeclarationList)


State 49

   15 MethodList: MethodName '(' Parameters ')' • t_arrow Type '{' DeclarationList MethodBodyList MethodBodyReturn '}'
   17           | MethodName '(' Parameters ')' • t_arrow Type '{' MethodBodyList MethodBodyReturn '}'
   19           | MethodName '(' Parameters ')' • t_arrow Type '{' DeclarationList MethodBodyReturn '}'
   21           | MethodName '(' Parameters ')' • t_arrow Type '{' DeclarationList MethodBodyList '}'
   23           | MethodName '(' Parameters ')' • t_arrow Type '{' DeclarationList '}'
   25           | MethodName '(' Parameters ')' • t_arrow Type '{' MethodBodyList '}'
   27           | MethodName '(' Parameters ')' • t_arrow Type '{' MethodBodyReturn '}'
   29           | MethodName '(' Parameters ')' • t_arrow Type '{' '}'

    t_arrow  shift, and go to state 57


State 50

   36 ParametersRest: ',' • Parameter ParametersRest

    t_id         shift, and go to state 4
    t_int_type   shift, and go to state 12
    t_bool_type  shift, and go to state 13
    t_none_type  shift, and go to state 14

    Parameter  go to state 58
    Type       go to state 40
    first_id   go to state 41


State 51

   34 Parameters: Parameter ParametersRest •

    $default  reduce using rule 34 (Parameters)


State 52

   38 Parameter: Type first_id •

    $default  reduce using rule 38 (Parameter)


State 53

    4 Class: ClassName t_extends ClassName '{' DeclarationList MethodList '}' •

    $default  reduce using rule 4 (Class)


State 54

   12 DeclarationList: DeclarationList Type MemberName MemberNames ';' •

    $default  reduce using rule 12 (DeclarationList)


State 55

   14 MethodList: MethodList MethodName '(' Parameters ')' • t_arrow Type '{' DeclarationList MethodBodyList MethodBodyReturn '}'
   16           | MethodList MethodName '(' Parameters ')' • t_arrow Type '{' MethodBodyList MethodBodyReturn '}'
   18           | MethodList MethodName '(' Parameters ')' • t_arrow Type '{' DeclarationList MethodBodyReturn '}'
   20           | MethodList MethodName '(' Parameters ')' • t_arrow Type '{' DeclarationList MethodBodyList '}'
   22           | MethodList MethodName '(' Parameters ')' • t_arrow Type '{' DeclarationList '}'
   24           | MethodList MethodName '(' Parameters ')' • t_arrow Type '{' MethodBodyList '}'
   26           | MethodList MethodName '(' Parameters ')' • t_arrow Type '{' MethodBodyReturn '}'
   28           | MethodList MethodName '(' Parameters ')' • t_arrow Type '{' '}'

    t_arrow  shift, and go to state 59


State 56

   30 MemberNames: ',' first_id MemberNames •

    $default  reduce using rule 30 (MemberNames)


State 57

   15 MethodList: MethodName '(' Parameters ')' t_arrow • Type '{' DeclarationList MethodBodyList MethodBodyReturn '}'
   17           | MethodName '(' Parameters ')' t_arrow • Type '{' MethodBodyList MethodBodyReturn '}'
   19           | MethodName '(' Parameters ')' t_arrow • Type '{' DeclarationList MethodBodyReturn '}'
   21           | MethodName '(' Parameters ')' t_arrow • Type '{' DeclarationList MethodBodyList '}'
   23           | MethodName '(' Parameters ')' t_arrow • Type '{' DeclarationList '}'
   25           | MethodName '(' Parameters ')' t_arrow • Type '{' MethodBodyList '}'
   27           | MethodName '(' Parameters ')' t_arrow • Type '{' MethodBodyReturn '}'
   29           | MethodName '(' Parameters ')' t_arrow • Type '{' '}'

    t_id         shift, and go to state 4
    t_int_type   shift, and go to state 12
    t_bool_type  shift, and go to state 13
    t_none_type  shift, and go to state 14

    Type      go to state 60
    first_id  go to state 41


State 58

   36 ParametersRest: ',' Parameter • ParametersRest

    ','  shift, and go to state 50

    $default  reduce using rule 37 (ParametersRest)

    ParametersRest  go to state 61


State 59

   14 MethodList: MethodList MethodName '(' Parameters ')' t_arrow • Type '{' DeclarationList MethodBodyList MethodBodyReturn '}'
   16           | MethodList MethodName '(' Parameters ')' t_arrow • Type '{' MethodBodyList MethodBodyReturn '}'
   18           | MethodList MethodName '(' Parameters ')' t_arrow • Type '{' DeclarationList MethodBodyReturn '}'
   20           | MethodList MethodName '(' Parameters ')' t_arrow • Type '{' DeclarationList MethodBodyList '}'
   22           | MethodList MethodName '(' Parameters ')' t_arrow • Type '{' DeclarationList '}'
   24           | MethodList MethodName '(' Parameters ')' t_arrow • Type '{' MethodBodyList '}'
   26           | MethodList MethodName '(' Parameters ')' t_arrow • Type '{' MethodBodyReturn '}'
   28           | MethodList MethodName '(' Parameters ')' t_arrow • Type '{' '}'

    t_id         shift, and go to state 4
    t_int_type   shift, and go to state 12
    t_bool_type  shift, and go to state 13
    t_none_type  shift, and go to state 14

    Type      go to state 62
    first_id  go to state 41


State 60

   15 MethodList: MethodName '(' Parameters ')' t_arrow Type • '{' DeclarationList MethodBodyList MethodBodyReturn '}'
   17           | MethodName '(' Parameters ')' t_arrow Type • '{' MethodBodyList MethodBodyReturn '}'
   19           | MethodName '(' Parameters ')' t_arrow Type • '{' DeclarationList MethodBodyReturn '}'
   21           | MethodName '(' Parameters ')' t_arrow Type • '{' DeclarationList MethodBodyList '}'
   23           | MethodName '(' Parameters ')' t_arrow Type • '{' DeclarationList '}'
   25           | MethodName '(' Parameters ')' t_arrow Type • '{' MethodBodyList '}'
   27           | MethodName '(' Parameters ')' t_arrow Type • '{' MethodBodyReturn '}'
   29           | MethodName '(' Parameters ')' t_arrow Type • '{' '}'

    '{'  shift, and go to state 63


State 61

   36 ParametersRest: ',' Parameter ParametersRest •

    $default  reduce using rule 36 (ParametersRest)


State 62

   14 MethodList: MethodList MethodName '(' Parameters ')' t_arrow Type • '{' DeclarationList MethodBodyList MethodBodyReturn '}'
   16           | MethodList MethodName '(' Parameters ')' t_arrow Type • '{' MethodBodyList MethodBodyReturn '}'
   18           | MethodList MethodName '(' Parameters ')' t_arrow Type • '{' DeclarationList MethodBodyReturn '}'
   20           | MethodList MethodName '(' Parameters ')' t_arrow Type • '{' DeclarationList MethodBodyList '}'
   22           | MethodList MethodName '(' Parameters ')' t_arrow Type • '{' DeclarationList '}'
   24           | MethodList MethodName '(' Parameters ')' t_arrow Type • '{' MethodBodyList '}'
   26           | MethodList MethodName '(' Parameters ')' t_arrow Type • '{' MethodBodyReturn '}'
   28           | MethodList MethodName '(' Parameters ')' t_arrow Type • '{' '}'

    '{'  shift, and go to state 64


State 63

   15 MethodList: MethodName '(' Parameters ')' t_arrow Type '{' • DeclarationList MethodBodyList MethodBodyReturn '}'
   17           | MethodName '(' Parameters ')' t_arrow Type '{' • MethodBodyList MethodBodyReturn '}'
   19           | MethodName '(' Parameters ')' t_arrow Type '{' • DeclarationList MethodBodyReturn '}'
   21           | MethodName '(' Parameters ')' t_arrow Type '{' • DeclarationList MethodBodyList '}'
   23           | MethodName '(' Parameters ')' t_arrow Type '{' • DeclarationList '}'
   25           | MethodName '(' Parameters ')' t_arrow Type '{' • MethodBodyList '}'
   27           | MethodName '(' Parameters ')' t_arrow Type '{' • MethodBodyReturn '}'
   29           | MethodName '(' Parameters ')' t_arrow Type '{' • '}'

    t_print      shift, and go to state 65
    t_return     shift, and go to state 66
    t_if         shift, and go to state 67
    t_while      shift, and go to state 68
    t_do         shift, and go to state 69
    '}'          shift, and go to state 70
    t_id         shift, and go to state 4
    t_int_type   shift, and go to state 12
    t_bool_type  shift, and go to state 13
    t_none_type  shift, and go to state 14

    DeclarationList   go to state 71
    NesMethodName     go to state 72
    Type              go to state 17
    MethodBodyList    go to state 73
    MethodBodyReturn  go to state 74
    Statement         go to state 75
    MethodCall        go to state 76
    MethodName        go to state 77
    first_id          go to state 78


State 64

   14 MethodList: MethodList MethodName '(' Parameters ')' t_arrow Type '{' • DeclarationList MethodBodyList MethodBodyReturn '}'
   16           | MethodList MethodName '(' Parameters ')' t_arrow Type '{' • MethodBodyList MethodBodyReturn '}'
   18           | MethodList MethodName '(' Parameters ')' t_arrow Type '{' • DeclarationList MethodBodyReturn '}'
   20           | MethodList MethodName '(' Parameters ')' t_arrow Type '{' • DeclarationList MethodBodyList '}'
   22           | MethodList MethodName '(' Parameters ')' t_arrow Type '{' • DeclarationList '}'
   24           | MethodList MethodName '(' Parameters ')' t_arrow Type '{' • MethodBodyList '}'
   26           | MethodList MethodName '(' Parameters ')' t_arrow Type '{' • MethodBodyReturn '}'
   28           | MethodList MethodName '(' Parameters ')' t_arrow Type '{' • '}'

    t_print      shift, and go to state 65
    t_return     shift, and go to state 66
    t_if         shift, and go to state 67
    t_while      shift, and go to state 68
    t_do         shift, and go to state 69
    '}'          shift, and go to state 79
    t_id         shift, and go to state 4
    t_int_type   shift, and go to state 12
    t_bool_type  shift, and go to state 13
    t_none_type  shift, and go to state 14

    DeclarationList   go to state 80
    NesMethodName     go to state 72
    Type              go to state 17
    MethodBodyList    go to state 81
    MethodBodyReturn  go to state 82
    Statement         go to state 75
    MethodCall        go to state 76
    MethodName        go to state 77
    first_id          go to state 78


State 65

   54 Statement: t_print • Expression ';'

    t_new     shift, and go to state 83
    t_not     shift, and go to state 84
    t_true    shift, and go to state 85
    t_false   shift, and go to state 86
    '('       shift, and go to state 87
    '-'       shift, and go to state 88
    t_id      shift, and go to state 4
    t_number  shift, and go to state 89

    NesMethodName  go to state 72
    Expression     go to state 90
    MethodCall     go to state 91
    MethodName     go to state 77
    first_id       go to state 92


State 66

   45 MethodBodyReturn: t_return • Expression ';'

    t_new     shift, and go to state 83
    t_not     shift, and go to state 84
    t_true    shift, and go to state 85
    t_false   shift, and go to state 86
    '('       shift, and go to state 87
    '-'       shift, and go to state 88
    t_id      shift, and go to state 4
    t_number  shift, and go to state 89

    NesMethodName  go to state 72
    Expression     go to state 93
    MethodCall     go to state 91
    MethodName     go to state 77
    first_id       go to state 92


State 67

   50 Statement: t_if • Expression '{' Statement Block '}'
   51          | t_if • Expression '{' Statement Block '}' t_else '{' Statement Block '}'

    t_new     shift, and go to state 83
    t_not     shift, and go to state 84
    t_true    shift, and go to state 85
    t_false   shift, and go to state 86
    '('       shift, and go to state 87
    '-'       shift, and go to state 88
    t_id      shift, and go to state 4
    t_number  shift, and go to state 89

    NesMethodName  go to state 72
    Expression     go to state 94
    MethodCall     go to state 91
    MethodName     go to state 77
    first_id       go to state 92


State 68

   52 Statement: t_while • Expression '{' Statement Block '}'

    t_new     shift, and go to state 83
    t_not     shift, and go to state 84
    t_true    shift, and go to state 85
    t_false   shift, and go to state 86
    '('       shift, and go to state 87
    '-'       shift, and go to state 88
    t_id      shift, and go to state 4
    t_number  shift, and go to state 89

    NesMethodName  go to state 72
    Expression     go to state 95
    MethodCall     go to state 91
    MethodName     go to state 77
    first_id       go to state 92


State 69

   53 Statement: t_do • '{' Statement Block '}' t_while '(' Expression ')' ';'

    '{'  shift, and go to state 96


State 70

   29 MethodList: MethodName '(' Parameters ')' t_arrow Type '{' '}' •

    $default  reduce using rule 29 (MethodList)


State 71

   12 DeclarationList: DeclarationList • Type MemberName MemberNames ';'
   15 MethodList: MethodName '(' Parameters ')' t_arrow Type '{' DeclarationList • MethodBodyList MethodBodyReturn '}'
   19           | MethodName '(' Parameters ')' t_arrow Type '{' DeclarationList • MethodBodyReturn '}'
   21           | MethodName '(' Parameters ')' t_arrow Type '{' DeclarationList • MethodBodyList '}'
   23           | MethodName '(' Parameters ')' t_arrow Type '{' DeclarationList • '}'

    t_print      shift, and go to state 65
    t_return     shift, and go to state 66
    t_if         shift, and go to state 67
    t_while      shift, and go to state 68
    t_do         shift, and go to state 69
    '}'          shift, and go to state 97
    t_id         shift, and go to state 4
    t_int_type   shift, and go to state 12
    t_bool_type  shift, and go to state 13
    t_none_type  shift, and go to state 14

    NesMethodName     go to state 72
    Type              go to state 23
    MethodBodyList    go to state 98
    MethodBodyReturn  go to state 99
    Statement         go to state 75
    MethodCall        go to state 76
    MethodName        go to state 77
    first_id          go to state 78


State 72

   84 MethodCall: NesMethodName • '(' MethodCallInputs ')'

    '('  shift, and go to state 100


State 73

   17 MethodList: MethodName '(' Parameters ')' t_arrow Type '{' MethodBodyList • MethodBodyReturn '}'
   25           | MethodName '(' Parameters ')' t_arrow Type '{' MethodBodyList • '}'
   43 MethodBodyList: MethodBodyList • Statement

    t_print   shift, and go to state 65
    t_return  shift, and go to state 66
    t_if      shift, and go to state 67
    t_while   shift, and go to state 68
    t_do      shift, and go to state 69
    '}'       shift, and go to state 101
    t_id      shift, and go to state 4

    NesMethodName     go to state 72
    MethodBodyReturn  go to state 102
    Statement         go to state 103
    MethodCall        go to state 76
    MethodName        go to state 77
    first_id          go to state 104


State 74

   27 MethodList: MethodName '(' Parameters ')' t_arrow Type '{' MethodBodyReturn • '}'

    '}'  shift, and go to state 105


State 75

   44 MethodBodyList: Statement •

    $default  reduce using rule 44 (MethodBodyList)


State 76

   49 Statement: MethodCall • ';'

    ';'  shift, and go to state 106


State 77

   83 MethodCall: MethodName • '(' MethodCallInputs ')'

    '('  shift, and go to state 107


State 78

   32 NesMethodName: first_id • '.' first_id
   33              | first_id • t_arrow first_id
   42 Type: first_id •
   46 Statement: first_id • '=' Expression ';'
   47          | first_id • '.' first_id '=' Expression ';'
   48          | first_id • t_arrow first_id '=' Expression ';'
   87 MethodName: first_id •

    t_arrow  shift, and go to state 108
    '='      shift, and go to state 109
    '.'      shift, and go to state 110

    '('       reduce using rule 87 (MethodName)
    $default  reduce using rule 42 (Type)


State 79

   28 MethodList: MethodList MethodName '(' Parameters ')' t_arrow Type '{' '}' •

    $default  reduce using rule 28 (MethodList)


State 80

   12 DeclarationList: DeclarationList • Type MemberName MemberNames ';'
   14 MethodList: MethodList MethodName '(' Parameters ')' t_arrow Type '{' DeclarationList • MethodBodyList MethodBodyReturn '}'
   18           | MethodList MethodName '(' Parameters ')' t_arrow Type '{' DeclarationList • MethodBodyReturn '}'
   20           | MethodList MethodName '(' Parameters ')' t_arrow Type '{' DeclarationList • MethodBodyList '}'
   22           | MethodList MethodName '(' Parameters ')' t_arrow Type '{' DeclarationList • '}'

    t_print      shift, and go to state 65
    t_return     shift, and go to state 66
    t_if         shift, and go to state 67
    t_while      shift, and go to state 68
    t_do         shift, and go to state 69
    '}'          shift, and go to state 111
    t_id         shift, and go to state 4
    t_int_type   shift, and go to state 12
    t_bool_type  shift, and go to state 13
    t_none_type  shift, and go to state 14

    NesMethodName     go to state 72
    Type              go to state 23
    MethodBodyList    go to state 112
    MethodBodyReturn  go to state 113
    Statement         go to state 75
    MethodCall        go to state 76
    MethodName        go to state 77
    first_id          go to state 78


State 81

   16 MethodList: MethodList MethodName '(' Parameters ')' t_arrow Type '{' MethodBodyList • MethodBodyReturn '}'
   24           | MethodList MethodName '(' Parameters ')' t_arrow Type '{' MethodBodyList • '}'
   43 MethodBodyList: MethodBodyList • Statement

    t_print   shift, and go to state 65
    t_return  shift, and go to state 66
    t_if      shift, and go to state 67
    t_while   shift, and go to state 68
    t_do      shift, and go to state 69
    '}'       shift, and go to state 114
    t_id      shift, and go to state 4

    NesMethodName     go to state 72
    MethodBodyReturn  go to state 115
    Statement         go to state 103
    MethodCall        go to state 76
    MethodName        go to state 77
    first_id          go to state 104


State 82

   26 MethodList: MethodList MethodName '(' Parameters ')' t_arrow Type '{' MethodBodyReturn • '}'

    '}'  shift, and go to state 116


State 83

   81 Expression: t_new • ClassName
   82           | t_new • ClassName '(' MethodCallInputs ')'

    t_id  shift, and go to state 4

    ClassName  go to state 117
    first_id   go to state 7


State 84

   71 Expression: t_not • Expression

    t_new     shift, and go to state 83
    t_not     shift, and go to state 84
    t_true    shift, and go to state 85
    t_false   shift, and go to state 86
    '('       shift, and go to state 87
    '-'       shift, and go to state 88
    t_id      shift, and go to state 4
    t_number  shift, and go to state 89

    NesMethodName  go to state 72
    Expression     go to state 118
    MethodCall     go to state 91
    MethodName     go to state 77
    first_id       go to state 92


State 85

   79 Expression: t_true •

    $default  reduce using rule 79 (Expression)


State 86

   80 Expression: t_false •

    $default  reduce using rule 80 (Expression)


State 87

   77 Expression: '(' • Expression ')'

    t_new     shift, and go to state 83
    t_not     shift, and go to state 84
    t_true    shift, and go to state 85
    t_false   shift, and go to state 86
    '('       shift, and go to state 87
    '-'       shift, and go to state 88
    t_id      shift, and go to state 4
    t_number  shift, and go to state 89

    NesMethodName  go to state 72
    Expression     go to state 119
    MethodCall     go to state 91
    MethodName     go to state 77
    first_id       go to state 92


State 88

   72 Expression: '-' • Expression

    t_new     shift, and go to state 83
    t_not     shift, and go to state 84
    t_true    shift, and go to state 85
    t_false   shift, and go to state 86
    '('       shift, and go to state 87
    '-'       shift, and go to state 88
    t_id      shift, and go to state 4
    t_number  shift, and go to state 89

    NesMethodName  go to state 72
    Expression     go to state 120
    MethodCall     go to state 91
    MethodName     go to state 77
    first_id       go to state 92


State 89

   78 Expression: t_number •

    $default  reduce using rule 78 (Expression)


State 90

   54 Statement: t_print Expression • ';'
   62 Expression: Expression • '+' Expression
   63           | Expression • '-' Expression
   64           | Expression • '*' Expression
   65           | Expression • '/' Expression
   66           | Expression • '>' Expression
   67           | Expression • t_geq Expression
   68           | Expression • t_equals Expression
   69           | Expression • t_and Expression
   70           | Expression • t_or Expression

    t_equals  shift, and go to state 121
    t_and     shift, and go to state 122
    t_or      shift, and go to state 123
    ';'       shift, and go to state 124
    '+'       shift, and go to state 125
    '-'       shift, and go to state 126
    '*'       shift, and go to state 127
    '/'       shift, and go to state 128
    t_geq     shift, and go to state 129
    '>'       shift, and go to state 130


State 91

   76 Expression: MethodCall •

    $default  reduce using rule 76 (Expression)


State 92

   32 NesMethodName: first_id • '.' first_id
   33              | first_id • t_arrow first_id
   73 Expression: first_id •
   74           | first_id • '.' first_id
   75           | first_id • t_arrow first_id
   87 MethodName: first_id •

    t_arrow  shift, and go to state 131
    '.'      shift, and go to state 132

    '('       reduce using rule 87 (MethodName)
    $default  reduce using rule 73 (Expression)


State 93

   45 MethodBodyReturn: t_return Expression • ';'
   62 Expression: Expression • '+' Expression
   63           | Expression • '-' Expression
   64           | Expression • '*' Expression
   65           | Expression • '/' Expression
   66           | Expression • '>' Expression
   67           | Expression • t_geq Expression
   68           | Expression • t_equals Expression
   69           | Expression • t_and Expression
   70           | Expression • t_or Expression

    t_equals  shift, and go to state 121
    t_and     shift, and go to state 122
    t_or      shift, and go to state 123
    ';'       shift, and go to state 133
    '+'       shift, and go to state 125
    '-'       shift, and go to state 126
    '*'       shift, and go to state 127
    '/'       shift, and go to state 128
    t_geq     shift, and go to state 129
    '>'       shift, and go to state 130


State 94

   50 Statement: t_if Expression • '{' Statement Block '}'
   51          | t_if Expression • '{' Statement Block '}' t_else '{' Statement Block '}'
   62 Expression: Expression • '+' Expression
   63           | Expression • '-' Expression
   64           | Expression • '*' Expression
   65           | Expression • '/' Expression
   66           | Expression • '>' Expression
   67           | Expression • t_geq Expression
   68           | Expression • t_equals Expression
   69           | Expression • t_and Expression
   70           | Expression • t_or Expression

    t_equals  shift, and go to state 121
    t_and     shift, and go to state 122
    t_or      shift, and go to state 123
    '{'       shift, and go to state 134
    '+'       shift, and go to state 125
    '-'       shift, and go to state 126
    '*'       shift, and go to state 127
    '/'       shift, and go to state 128
    t_geq     shift, and go to state 129
    '>'       shift, and go to state 130


State 95

   52 Statement: t_while Expression • '{' Statement Block '}'
   62 Expression: Expression • '+' Expression
   63           | Expression • '-' Expression
   64           | Expression • '*' Expression
   65           | Expression • '/' Expression
   66           | Expression • '>' Expression
   67           | Expression • t_geq Expression
   68           | Expression • t_equals Expression
   69           | Expression • t_and Expression
   70           | Expression • t_or Expression

    t_equals  shift, and go to state 121
    t_and     shift, and go to state 122
    t_or      shift, and go to state 123
    '{'       shift, and go to state 135
    '+'       shift, and go to state 125
    '-'       shift, and go to state 126
    '*'       shift, and go to state 127
    '/'       shift, and go to state 128
    t_geq     shift, and go to state 129
    '>'       shift, and go to state 130


State 96

   53 Statement: t_do '{' • Statement Block '}' t_while '(' Expression ')' ';'

    t_print  shift, and go to state 65
    t_if     shift, and go to state 67
    t_while  shift, and go to state 68
    t_do     shift, and go to state 69
    t_id     shift, and go to state 4

    NesMethodName  go to state 72
    Statement      go to state 136
    MethodCall     go to state 76
    MethodName     go to state 77
    first_id       go to state 104


State 97

   23 MethodList: MethodName '(' Parameters ')' t_arrow Type '{' DeclarationList '}' •

    $default  reduce using rule 23 (MethodList)


State 98

   15 MethodList: MethodName '(' Parameters ')' t_arrow Type '{' DeclarationList MethodBodyList • MethodBodyReturn '}'
   21           | MethodName '(' Parameters ')' t_arrow Type '{' DeclarationList MethodBodyList • '}'
   43 MethodBodyList: MethodBodyList • Statement

    t_print   shift, and go to state 65
    t_return  shift, and go to state 66
    t_if      shift, and go to state 67
    t_while   shift, and go to state 68
    t_do      shift, and go to state 69
    '}'       shift, and go to state 137
    t_id      shift, and go to state 4

    NesMethodName     go to state 72
    MethodBodyReturn  go to state 138
    Statement         go to state 103
    MethodCall        go to state 76
    MethodName        go to state 77
    first_id          go to state 104


State 99

   19 MethodList: MethodName '(' Parameters ')' t_arrow Type '{' DeclarationList MethodBodyReturn • '}'

    '}'  shift, and go to state 139


State 100

   84 MethodCall: NesMethodName '(' • MethodCallInputs ')'

    t_new     shift, and go to state 83
    t_not     shift, and go to state 84
    t_true    shift, and go to state 85
    t_false   shift, and go to state 86
    '('       shift, and go to state 87
    '-'       shift, and go to state 88
    t_id      shift, and go to state 4
    t_number  shift, and go to state 89

    $default  reduce using rule 56 (MethodCallInputs)

    NesMethodName     go to state 72
    MethodCallInputs  go to state 140
    MethodCallInput   go to state 141
    Expression        go to state 142
    MethodCall        go to state 91
    MethodName        go to state 77
    first_id          go to state 92


State 101

   25 MethodList: MethodName '(' Parameters ')' t_arrow Type '{' MethodBodyList '}' •

    $default  reduce using rule 25 (MethodList)


State 102

   17 MethodList: MethodName '(' Parameters ')' t_arrow Type '{' MethodBodyList MethodBodyReturn • '}'

    '}'  shift, and go to state 143


State 103

   43 MethodBodyList: MethodBodyList Statement •

    $default  reduce using rule 43 (MethodBodyList)


State 104

   32 NesMethodName: first_id • '.' first_id
   33              | first_id • t_arrow first_id
   46 Statement: first_id • '=' Expression ';'
   47          | first_id • '.' first_id '=' Expression ';'
   48          | first_id • t_arrow first_id '=' Expression ';'
   87 MethodName: first_id •

    t_arrow  shift, and go to state 108
    '='      shift, and go to state 109
    '.'      shift, and go to state 110

    $default  reduce using rule 87 (MethodName)


State 105

   27 MethodList: MethodName '(' Parameters ')' t_arrow Type '{' MethodBodyReturn '}' •

    $default  reduce using rule 27 (MethodList)


State 106

   49 Statement: MethodCall ';' •

    $default  reduce using rule 49 (Statement)


State 107

   83 MethodCall: MethodName '(' • MethodCallInputs ')'

    t_new     shift, and go to state 83
    t_not     shift, and go to state 84
    t_true    shift, and go to state 85
    t_false   shift, and go to state 86
    '('       shift, and go to state 87
    '-'       shift, and go to state 88
    t_id      shift, and go to state 4
    t_number  shift, and go to state 89

    $default  reduce using rule 56 (MethodCallInputs)

    NesMethodName     go to state 72
    MethodCallInputs  go to state 144
    MethodCallInput   go to state 141
    Expression        go to state 142
    MethodCall        go to state 91
    MethodName        go to state 77
    first_id          go to state 92


State 108

   33 NesMethodName: first_id t_arrow • first_id
   48 Statement: first_id t_arrow • first_id '=' Expression ';'

    t_id  shift, and go to state 4

    first_id  go to state 145


State 109

   46 Statement: first_id '=' • Expression ';'

    t_new     shift, and go to state 83
    t_not     shift, and go to state 84
    t_true    shift, and go to state 85
    t_false   shift, and go to state 86
    '('       shift, and go to state 87
    '-'       shift, and go to state 88
    t_id      shift, and go to state 4
    t_number  shift, and go to state 89

    NesMethodName  go to state 72
    Expression     go to state 146
    MethodCall     go to state 91
    MethodName     go to state 77
    first_id       go to state 92


State 110

   32 NesMethodName: first_id '.' • first_id
   47 Statement: first_id '.' • first_id '=' Expression ';'

    t_id  shift, and go to state 4

    first_id  go to state 147


State 111

   22 MethodList: MethodList MethodName '(' Parameters ')' t_arrow Type '{' DeclarationList '}' •

    $default  reduce using rule 22 (MethodList)


State 112

   14 MethodList: MethodList MethodName '(' Parameters ')' t_arrow Type '{' DeclarationList MethodBodyList • MethodBodyReturn '}'
   20           | MethodList MethodName '(' Parameters ')' t_arrow Type '{' DeclarationList MethodBodyList • '}'
   43 MethodBodyList: MethodBodyList • Statement

    t_print   shift, and go to state 65
    t_return  shift, and go to state 66
    t_if      shift, and go to state 67
    t_while   shift, and go to state 68
    t_do      shift, and go to state 69
    '}'       shift, and go to state 148
    t_id      shift, and go to state 4

    NesMethodName     go to state 72
    MethodBodyReturn  go to state 149
    Statement         go to state 103
    MethodCall        go to state 76
    MethodName        go to state 77
    first_id          go to state 104


State 113

   18 MethodList: MethodList MethodName '(' Parameters ')' t_arrow Type '{' DeclarationList MethodBodyReturn • '}'

    '}'  shift, and go to state 150


State 114

   24 MethodList: MethodList MethodName '(' Parameters ')' t_arrow Type '{' MethodBodyList '}' •

    $default  reduce using rule 24 (MethodList)


State 115

   16 MethodList: MethodList MethodName '(' Parameters ')' t_arrow Type '{' MethodBodyList MethodBodyReturn • '}'

    '}'  shift, and go to state 151


State 116

   26 MethodList: MethodList MethodName '(' Parameters ')' t_arrow Type '{' MethodBodyReturn '}' •

    $default  reduce using rule 26 (MethodList)


State 117

   81 Expression: t_new ClassName •
   82           | t_new ClassName • '(' MethodCallInputs ')'

    '('  shift, and go to state 152

    $default  reduce using rule 81 (Expression)


State 118

   62 Expression: Expression • '+' Expression
   63           | Expression • '-' Expression
   64           | Expression • '*' Expression
   65           | Expression • '/' Expression
   66           | Expression • '>' Expression
   67           | Expression • t_geq Expression
   68           | Expression • t_equals Expression
   69           | Expression • t_and Expression
   70           | Expression • t_or Expression
   71           | t_not Expression •

    $default  reduce using rule 71 (Expression)


State 119

   62 Expression: Expression • '+' Expression
   63           | Expression • '-' Expression
   64           | Expression • '*' Expression
   65           | Expression • '/' Expression
   66           | Expression • '>' Expression
   67           | Expression • t_geq Expression
   68           | Expression • t_equals Expression
   69           | Expression • t_and Expression
   70           | Expression • t_or Expression
   77           | '(' Expression • ')'

    t_equals  shift, and go to state 121
    t_and     shift, and go to state 122
    t_or      shift, and go to state 123
    ')'       shift, and go to state 153
    '+'       shift, and go to state 125
    '-'       shift, and go to state 126
    '*'       shift, and go to state 127
    '/'       shift, and go to state 128
    t_geq     shift, and go to state 129
    '>'       shift, and go to state 130


State 120

   62 Expression: Expression • '+' Expression
   63           | Expression • '-' Expression
   64           | Expression • '*' Expression
   65           | Expression • '/' Expression
   66           | Expression • '>' Expression
   67           | Expression • t_geq Expression
   68           | Expression • t_equals Expression
   69           | Expression • t_and Expression
   70           | Expression • t_or Expression
   72           | '-' Expression •

    $default  reduce using rule 72 (Expression)


State 121

   68 Expression: Expression t_equals • Expression

    t_new     shift, and go to state 83
    t_not     shift, and go to state 84
    t_true    shift, and go to state 85
    t_false   shift, and go to state 86
    '('       shift, and go to state 87
    '-'       shift, and go to state 88
    t_id      shift, and go to state 4
    t_number  shift, and go to state 89

    NesMethodName  go to state 72
    Expression     go to state 154
    MethodCall     go to state 91
    MethodName     go to state 77
    first_id       go to state 92


State 122

   69 Expression: Expression t_and • Expression

    t_new     shift, and go to state 83
    t_not     shift, and go to state 84
    t_true    shift, and go to state 85
    t_false   shift, and go to state 86
    '('       shift, and go to state 87
    '-'       shift, and go to state 88
    t_id      shift, and go to state 4
    t_number  shift, and go to state 89

    NesMethodName  go to state 72
    Expression     go to state 155
    MethodCall     go to state 91
    MethodName     go to state 77
    first_id       go to state 92


State 123

   70 Expression: Expression t_or • Expression

    t_new     shift, and go to state 83
    t_not     shift, and go to state 84
    t_true    shift, and go to state 85
    t_false   shift, and go to state 86
    '('       shift, and go to state 87
    '-'       shift, and go to state 88
    t_id      shift, and go to state 4
    t_number  shift, and go to state 89

    NesMethodName  go to state 72
    Expression     go to state 156
    MethodCall     go to state 91
    MethodName     go to state 77
    first_id       go to state 92


State 124

   54 Statement: t_print Expression ';' •

    $default  reduce using rule 54 (Statement)


State 125

   62 Expression: Expression '+' • Expression

    t_new     shift, and go to state 83
    t_not     shift, and go to state 84
    t_true    shift, and go to state 85
    t_false   shift, and go to state 86
    '('       shift, and go to state 87
    '-'       shift, and go to state 88
    t_id      shift, and go to state 4
    t_number  shift, and go to state 89

    NesMethodName  go to state 72
    Expression     go to state 157
    MethodCall     go to state 91
    MethodName     go to state 77
    first_id       go to state 92


State 126

   63 Expression: Expression '-' • Expression

    t_new     shift, and go to state 83
    t_not     shift, and go to state 84
    t_true    shift, and go to state 85
    t_false   shift, and go to state 86
    '('       shift, and go to state 87
    '-'       shift, and go to state 88
    t_id      shift, and go to state 4
    t_number  shift, and go to state 89

    NesMethodName  go to state 72
    Expression     go to state 158
    MethodCall     go to state 91
    MethodName     go to state 77
    first_id       go to state 92


State 127

   64 Expression: Expression '*' • Expression

    t_new     shift, and go to state 83
    t_not     shift, and go to state 84
    t_true    shift, and go to state 85
    t_false   shift, and go to state 86
    '('       shift, and go to state 87
    '-'       shift, and go to state 88
    t_id      shift, and go to state 4
    t_number  shift, and go to state 89

    NesMethodName  go to state 72
    Expression     go to state 159
    MethodCall     go to state 91
    MethodName     go to state 77
    first_id       go to state 92


State 128

   65 Expression: Expression '/' • Expression

    t_new     shift, and go to state 83
    t_not     shift, and go to state 84
    t_true    shift, and go to state 85
    t_false   shift, and go to state 86
    '('       shift, and go to state 87
    '-'       shift, and go to state 88
    t_id      shift, and go to state 4
    t_number  shift, and go to state 89

    NesMethodName  go to state 72
    Expression     go to state 160
    MethodCall     go to state 91
    MethodName     go to state 77
    first_id       go to state 92


State 129

   67 Expression: Expression t_geq • Expression

    t_new     shift, and go to state 83
    t_not     shift, and go to state 84
    t_true    shift, and go to state 85
    t_false   shift, and go to state 86
    '('       shift, and go to state 87
    '-'       shift, and go to state 88
    t_id      shift, and go to state 4
    t_number  shift, and go to state 89

    NesMethodName  go to state 72
    Expression     go to state 161
    MethodCall     go to state 91
    MethodName     go to state 77
    first_id       go to state 92


State 130

   66 Expression: Expression '>' • Expression

    t_new     shift, and go to state 83
    t_not     shift, and go to state 84
    t_true    shift, and go to state 85
    t_false   shift, and go to state 86
    '('       shift, and go to state 87
    '-'       shift, and go to state 88
    t_id      shift, and go to state 4
    t_number  shift, and go to state 89

    NesMethodName  go to state 72
    Expression     go to state 162
    MethodCall     go to state 91
    MethodName     go to state 77
    first_id       go to state 92


State 131

   33 NesMethodName: first_id t_arrow • first_id
   75 Expression: first_id t_arrow • first_id

    t_id  shift, and go to state 4

    first_id  go to state 163


State 132

   32 NesMethodName: first_id '.' • first_id
   74 Expression: first_id '.' • first_id

    t_id  shift, and go to state 4

    first_id  go to state 164


State 133

   45 MethodBodyReturn: t_return Expression ';' •

    $default  reduce using rule 45 (MethodBodyReturn)


State 134

   50 Statement: t_if Expression '{' • Statement Block '}'
   51          | t_if Expression '{' • Statement Block '}' t_else '{' Statement Block '}'

    t_print  shift, and go to state 65
    t_if     shift, and go to state 67
    t_while  shift, and go to state 68
    t_do     shift, and go to state 69
    t_id     shift, and go to state 4

    NesMethodName  go to state 72
    Statement      go to state 165
    MethodCall     go to state 76
    MethodName     go to state 77
    first_id       go to state 104


State 135

   52 Statement: t_while Expression '{' • Statement Block '}'

    t_print  shift, and go to state 65
    t_if     shift, and go to state 67
    t_while  shift, and go to state 68
    t_do     shift, and go to state 69
    t_id     shift, and go to state 4

    NesMethodName  go to state 72
    Statement      go to state 166
    MethodCall     go to state 76
    MethodName     go to state 77
    first_id       go to state 104


State 136

   53 Statement: t_do '{' Statement • Block '}' t_while '(' Expression ')' ';'

    t_print  shift, and go to state 65
    t_if     shift, and go to state 67
    t_while  shift, and go to state 68
    t_do     shift, and go to state 69
    t_id     shift, and go to state 4

    $default  reduce using rule 61 (Block)

    NesMethodName  go to state 72
    Statement      go to state 167
    Block          go to state 168
    MethodCall     go to state 76
    MethodName     go to state 77
    first_id       go to state 104


State 137

   21 MethodList: MethodName '(' Parameters ')' t_arrow Type '{' DeclarationList MethodBodyList '}' •

    $default  reduce using rule 21 (MethodList)


State 138

   15 MethodList: MethodName '(' Parameters ')' t_arrow Type '{' DeclarationList MethodBodyList MethodBodyReturn • '}'

    '}'  shift, and go to state 169


State 139

   19 MethodList: MethodName '(' Parameters ')' t_arrow Type '{' DeclarationList MethodBodyReturn '}' •

    $default  reduce using rule 19 (MethodList)


State 140

   84 MethodCall: NesMethodName '(' MethodCallInputs • ')'

    ')'  shift, and go to state 170


State 141

   55 MethodCallInputs: MethodCallInput • MethodCallInputsRest

    ','  shift, and go to state 171

    $default  reduce using rule 58 (MethodCallInputsRest)

    MethodCallInputsRest  go to state 172


State 142

   59 MethodCallInput: Expression •
   62 Expression: Expression • '+' Expression
   63           | Expression • '-' Expression
   64           | Expression • '*' Expression
   65           | Expression • '/' Expression
   66           | Expression • '>' Expression
   67           | Expression • t_geq Expression
   68           | Expression • t_equals Expression
   69           | Expression • t_and Expression
   70           | Expression • t_or Expression

    t_equals  shift, and go to state 121
    t_and     shift, and go to state 122
    t_or      shift, and go to state 123
    '+'       shift, and go to state 125
    '-'       shift, and go to state 126
    '*'       shift, and go to state 127
    '/'       shift, and go to state 128
    t_geq     shift, and go to state 129
    '>'       shift, and go to state 130

    $default  reduce using rule 59 (MethodCallInput)


State 143

   17 MethodList: MethodName '(' Parameters ')' t_arrow Type '{' MethodBodyList MethodBodyReturn '}' •

    $default  reduce using rule 17 (MethodList)


State 144

   83 MethodCall: MethodName '(' MethodCallInputs • ')'

    ')'  shift, and go to state 173


State 145

   33 NesMethodName: first_id t_arrow first_id •
   48 Statement: first_id t_arrow first_id • '=' Expression ';'

    '='  shift, and go to state 174

    $default  reduce using rule 33 (NesMethodName)


State 146

   46 Statement: first_id '=' Expression • ';'
   62 Expression: Expression • '+' Expression
   63           | Expression • '-' Expression
   64           | Expression • '*' Expression
   65           | Expression • '/' Expression
   66           | Expression • '>' Expression
   67           | Expression • t_geq Expression
   68           | Expression • t_equals Expression
   69           | Expression • t_and Expression
   70           | Expression • t_or Expression

    t_equals  shift, and go to state 121
    t_and     shift, and go to state 122
    t_or      shift, and go to state 123
    ';'       shift, and go to state 175
    '+'       shift, and go to state 125
    '-'       shift, and go to state 126
    '*'       shift, and go to state 127
    '/'       shift, and go to state 128
    t_geq     shift, and go to state 129
    '>'       shift, and go to state 130


State 147

   32 NesMethodName: first_id '.' first_id •
   47 Statement: first_id '.' first_id • '=' Expression ';'

    '='  shift, and go to state 176

    $default  reduce using rule 32 (NesMethodName)


State 148

   20 MethodList: MethodList MethodName '(' Parameters ')' t_arrow Type '{' DeclarationList MethodBodyList '}' •

    $default  reduce using rule 20 (MethodList)


State 149

   14 MethodList: MethodList MethodName '(' Parameters ')' t_arrow Type '{' DeclarationList MethodBodyList MethodBodyReturn • '}'

    '}'  shift, and go to state 177


State 150

   18 MethodList: MethodList MethodName '(' Parameters ')' t_arrow Type '{' DeclarationList MethodBodyReturn '}' •

    $default  reduce using rule 18 (MethodList)


State 151

   16 MethodList: MethodList MethodName '(' Parameters ')' t_arrow Type '{' MethodBodyList MethodBodyReturn '}' •

    $default  reduce using rule 16 (MethodList)


State 152

   82 Expression: t_new ClassName '(' • MethodCallInputs ')'

    t_new     shift, and go to state 83
    t_not     shift, and go to state 84
    t_true    shift, and go to state 85
    t_false   shift, and go to state 86
    '('       shift, and go to state 87
    '-'       shift, and go to state 88
    t_id      shift, and go to state 4
    t_number  shift, and go to state 89

    $default  reduce using rule 56 (MethodCallInputs)

    NesMethodName     go to state 72
    MethodCallInputs  go to state 178
    MethodCallInput   go to state 141
    Expression        go to state 142
    MethodCall        go to state 91
    MethodName        go to state 77
    first_id          go to state 92


State 153

   77 Expression: '(' Expression ')' •

    $default  reduce using rule 77 (Expression)


State 154

   62 Expression: Expression • '+' Expression
   63           | Expression • '-' Expression
   64           | Expression • '*' Expression
   65           | Expression • '/' Expression
   66           | Expression • '>' Expression
   67           | Expression • t_geq Expression
   68           | Expression • t_equals Expression
   68           | Expression t_equals Expression •
   69           | Expression • t_and Expression
   70           | Expression • t_or Expression

    '+'  shift, and go to state 125
    '-'  shift, and go to state 126
    '*'  shift, and go to state 127
    '/'  shift, and go to state 128

    $default  reduce using rule 68 (Expression)


State 155

   62 Expression: Expression • '+' Expression
   63           | Expression • '-' Expression
   64           | Expression • '*' Expression
   65           | Expression • '/' Expression
   66           | Expression • '>' Expression
   67           | Expression • t_geq Expression
   68           | Expression • t_equals Expression
   69           | Expression • t_and Expression
   69           | Expression t_and Expression •
   70           | Expression • t_or Expression

    t_equals  shift, and go to state 121
    '+'       shift, and go to state 125
    '-'       shift, and go to state 126
    '*'       shift, and go to state 127
    '/'       shift, and go to state 128
    t_geq     shift, and go to state 129
    '>'       shift, and go to state 130

    $default  reduce using rule 69 (Expression)


State 156

   62 Expression: Expression • '+' Expression
   63           | Expression • '-' Expression
   64           | Expression • '*' Expression
   65           | Expression • '/' Expression
   66           | Expression • '>' Expression
   67           | Expression • t_geq Expression
   68           | Expression • t_equals Expression
   69           | Expression • t_and Expression
   70           | Expression • t_or Expression
   70           | Expression t_or Expression •

    t_equals  shift, and go to state 121
    t_and     shift, and go to state 122
    '+'       shift, and go to state 125
    '-'       shift, and go to state 126
    '*'       shift, and go to state 127
    '/'       shift, and go to state 128
    t_geq     shift, and go to state 129
    '>'       shift, and go to state 130

    $default  reduce using rule 70 (Expression)


State 157

   62 Expression: Expression • '+' Expression
   62           | Expression '+' Expression •
   63           | Expression • '-' Expression
   64           | Expression • '*' Expression
   65           | Expression • '/' Expression
   66           | Expression • '>' Expression
   67           | Expression • t_geq Expression
   68           | Expression • t_equals Expression
   69           | Expression • t_and Expression
   70           | Expression • t_or Expression

    '*'  shift, and go to state 127
    '/'  shift, and go to state 128

    $default  reduce using rule 62 (Expression)


State 158

   62 Expression: Expression • '+' Expression
   63           | Expression • '-' Expression
   63           | Expression '-' Expression •
   64           | Expression • '*' Expression
   65           | Expression • '/' Expression
   66           | Expression • '>' Expression
   67           | Expression • t_geq Expression
   68           | Expression • t_equals Expression
   69           | Expression • t_and Expression
   70           | Expression • t_or Expression

    '*'  shift, and go to state 127
    '/'  shift, and go to state 128

    $default  reduce using rule 63 (Expression)


State 159

   62 Expression: Expression • '+' Expression
   63           | Expression • '-' Expression
   64           | Expression • '*' Expression
   64           | Expression '*' Expression •
   65           | Expression • '/' Expression
   66           | Expression • '>' Expression
   67           | Expression • t_geq Expression
   68           | Expression • t_equals Expression
   69           | Expression • t_and Expression
   70           | Expression • t_or Expression

    $default  reduce using rule 64 (Expression)


State 160

   62 Expression: Expression • '+' Expression
   63           | Expression • '-' Expression
   64           | Expression • '*' Expression
   65           | Expression • '/' Expression
   65           | Expression '/' Expression •
   66           | Expression • '>' Expression
   67           | Expression • t_geq Expression
   68           | Expression • t_equals Expression
   69           | Expression • t_and Expression
   70           | Expression • t_or Expression

    $default  reduce using rule 65 (Expression)


State 161

   62 Expression: Expression • '+' Expression
   63           | Expression • '-' Expression
   64           | Expression • '*' Expression
   65           | Expression • '/' Expression
   66           | Expression • '>' Expression
   67           | Expression • t_geq Expression
   67           | Expression t_geq Expression •
   68           | Expression • t_equals Expression
   69           | Expression • t_and Expression
   70           | Expression • t_or Expression

    '+'  shift, and go to state 125
    '-'  shift, and go to state 126
    '*'  shift, and go to state 127
    '/'  shift, and go to state 128

    $default  reduce using rule 67 (Expression)


State 162

   62 Expression: Expression • '+' Expression
   63           | Expression • '-' Expression
   64           | Expression • '*' Expression
   65           | Expression • '/' Expression
   66           | Expression • '>' Expression
   66           | Expression '>' Expression •
   67           | Expression • t_geq Expression
   68           | Expression • t_equals Expression
   69           | Expression • t_and Expression
   70           | Expression • t_or Expression

    '+'  shift, and go to state 125
    '-'  shift, and go to state 126
    '*'  shift, and go to state 127
    '/'  shift, and go to state 128

    $default  reduce using rule 66 (Expression)


State 163

   33 NesMethodName: first_id t_arrow first_id •
   75 Expression: first_id t_arrow first_id •

    '('       reduce using rule 33 (NesMethodName)
    $default  reduce using rule 75 (Expression)


State 164

   32 NesMethodName: first_id '.' first_id •
   74 Expression: first_id '.' first_id •

    '('       reduce using rule 32 (NesMethodName)
    $default  reduce using rule 74 (Expression)


State 165

   50 Statement: t_if Expression '{' Statement • Block '}'
   51          | t_if Expression '{' Statement • Block '}' t_else '{' Statement Block '}'

    t_print  shift, and go to state 65
    t_if     shift, and go to state 67
    t_while  shift, and go to state 68
    t_do     shift, and go to state 69
    t_id     shift, and go to state 4

    $default  reduce using rule 61 (Block)

    NesMethodName  go to state 72
    Statement      go to state 167
    Block          go to state 179
    MethodCall     go to state 76
    MethodName     go to state 77
    first_id       go to state 104


State 166

   52 Statement: t_while Expression '{' Statement • Block '}'

    t_print  shift, and go to state 65
    t_if     shift, and go to state 67
    t_while  shift, and go to state 68
    t_do     shift, and go to state 69
    t_id     shift, and go to state 4

    $default  reduce using rule 61 (Block)

    NesMethodName  go to state 72
    Statement      go to state 167
    Block          go to state 180
    MethodCall     go to state 76
    MethodName     go to state 77
    first_id       go to state 104


State 167

   60 Block: Statement • Block

    t_print  shift, and go to state 65
    t_if     shift, and go to state 67
    t_while  shift, and go to state 68
    t_do     shift, and go to state 69
    t_id     shift, and go to state 4

    $default  reduce using rule 61 (Block)

    NesMethodName  go to state 72
    Statement      go to state 167
    Block          go to state 181
    MethodCall     go to state 76
    MethodName     go to state 77
    first_id       go to state 104


State 168

   53 Statement: t_do '{' Statement Block • '}' t_while '(' Expression ')' ';'

    '}'  shift, and go to state 182


State 169

   15 MethodList: MethodName '(' Parameters ')' t_arrow Type '{' DeclarationList MethodBodyList MethodBodyReturn '}' •

    $default  reduce using rule 15 (MethodList)


State 170

   84 MethodCall: NesMethodName '(' MethodCallInputs ')' •

    $default  reduce using rule 84 (MethodCall)


State 171

   57 MethodCallInputsRest: ',' • MethodCallInput MethodCallInputsRest

    t_new     shift, and go to state 83
    t_not     shift, and go to state 84
    t_true    shift, and go to state 85
    t_false   shift, and go to state 86
    '('       shift, and go to state 87
    '-'       shift, and go to state 88
    t_id      shift, and go to state 4
    t_number  shift, and go to state 89

    NesMethodName    go to state 72
    MethodCallInput  go to state 183
    Expression       go to state 142
    MethodCall       go to state 91
    MethodName       go to state 77
    first_id         go to state 92


State 172

   55 MethodCallInputs: MethodCallInput MethodCallInputsRest •

    $default  reduce using rule 55 (MethodCallInputs)


State 173

   83 MethodCall: MethodName '(' MethodCallInputs ')' •

    $default  reduce using rule 83 (MethodCall)


State 174

   48 Statement: first_id t_arrow first_id '=' • Expression ';'

    t_new     shift, and go to state 83
    t_not     shift, and go to state 84
    t_true    shift, and go to state 85
    t_false   shift, and go to state 86
    '('       shift, and go to state 87
    '-'       shift, and go to state 88
    t_id      shift, and go to state 4
    t_number  shift, and go to state 89

    NesMethodName  go to state 72
    Expression     go to state 184
    MethodCall     go to state 91
    MethodName     go to state 77
    first_id       go to state 92


State 175

   46 Statement: first_id '=' Expression ';' •

    $default  reduce using rule 46 (Statement)


State 176

   47 Statement: first_id '.' first_id '=' • Expression ';'

    t_new     shift, and go to state 83
    t_not     shift, and go to state 84
    t_true    shift, and go to state 85
    t_false   shift, and go to state 86
    '('       shift, and go to state 87
    '-'       shift, and go to state 88
    t_id      shift, and go to state 4
    t_number  shift, and go to state 89

    NesMethodName  go to state 72
    Expression     go to state 185
    MethodCall     go to state 91
    MethodName     go to state 77
    first_id       go to state 92


State 177

   14 MethodList: MethodList MethodName '(' Parameters ')' t_arrow Type '{' DeclarationList MethodBodyList MethodBodyReturn '}' •

    $default  reduce using rule 14 (MethodList)


State 178

   82 Expression: t_new ClassName '(' MethodCallInputs • ')'

    ')'  shift, and go to state 186


State 179

   50 Statement: t_if Expression '{' Statement Block • '}'
   51          | t_if Expression '{' Statement Block • '}' t_else '{' Statement Block '}'

    '}'  shift, and go to state 187


State 180

   52 Statement: t_while Expression '{' Statement Block • '}'

    '}'  shift, and go to state 188


State 181

   60 Block: Statement Block •

    $default  reduce using rule 60 (Block)


State 182

   53 Statement: t_do '{' Statement Block '}' • t_while '(' Expression ')' ';'

    t_while  shift, and go to state 189


State 183

   57 MethodCallInputsRest: ',' MethodCallInput • MethodCallInputsRest

    ','  shift, and go to state 171

    $default  reduce using rule 58 (MethodCallInputsRest)

    MethodCallInputsRest  go to state 190


State 184

   48 Statement: first_id t_arrow first_id '=' Expression • ';'
   62 Expression: Expression • '+' Expression
   63           | Expression • '-' Expression
   64           | Expression • '*' Expression
   65           | Expression • '/' Expression
   66           | Expression • '>' Expression
   67           | Expression • t_geq Expression
   68           | Expression • t_equals Expression
   69           | Expression • t_and Expression
   70           | Expression • t_or Expression

    t_equals  shift, and go to state 121
    t_and     shift, and go to state 122
    t_or      shift, and go to state 123
    ';'       shift, and go to state 191
    '+'       shift, and go to state 125
    '-'       shift, and go to state 126
    '*'       shift, and go to state 127
    '/'       shift, and go to state 128
    t_geq     shift, and go to state 129
    '>'       shift, and go to state 130


State 185

   47 Statement: first_id '.' first_id '=' Expression • ';'
   62 Expression: Expression • '+' Expression
   63           | Expression • '-' Expression
   64           | Expression • '*' Expression
   65           | Expression • '/' Expression
   66           | Expression • '>' Expression
   67           | Expression • t_geq Expression
   68           | Expression • t_equals Expression
   69           | Expression • t_and Expression
   70           | Expression • t_or Expression

    t_equals  shift, and go to state 121
    t_and     shift, and go to state 122
    t_or      shift, and go to state 123
    ';'       shift, and go to state 192
    '+'       shift, and go to state 125
    '-'       shift, and go to state 126
    '*'       shift, and go to state 127
    '/'       shift, and go to state 128
    t_geq     shift, and go to state 129
    '>'       shift, and go to state 130


State 186

   82 Expression: t_new ClassName '(' MethodCallInputs ')' •

    $default  reduce using rule 82 (Expression)


State 187

   50 Statement: t_if Expression '{' Statement Block '}' •
   51          | t_if Expression '{' Statement Block '}' • t_else '{' Statement Block '}'

    t_else  shift, and go to state 193

    $default  reduce using rule 50 (Statement)


State 188

   52 Statement: t_while Expression '{' Statement Block '}' •

    $default  reduce using rule 52 (Statement)


State 189

   53 Statement: t_do '{' Statement Block '}' t_while • '(' Expression ')' ';'

    '('  shift, and go to state 194


State 190

   57 MethodCallInputsRest: ',' MethodCallInput MethodCallInputsRest •

    $default  reduce using rule 57 (MethodCallInputsRest)


State 191

   48 Statement: first_id t_arrow first_id '=' Expression ';' •

    $default  reduce using rule 48 (Statement)


State 192

   47 Statement: first_id '.' first_id '=' Expression ';' •

    $default  reduce using rule 47 (Statement)


State 193

   51 Statement: t_if Expression '{' Statement Block '}' t_else • '{' Statement Block '}'

    '{'  shift, and go to state 195


State 194

   53 Statement: t_do '{' Statement Block '}' t_while '(' • Expression ')' ';'

    t_new     shift, and go to state 83
    t_not     shift, and go to state 84
    t_true    shift, and go to state 85
    t_false   shift, and go to state 86
    '('       shift, and go to state 87
    '-'       shift, and go to state 88
    t_id      shift, and go to state 4
    t_number  shift, and go to state 89

    NesMethodName  go to state 72
    Expression     go to state 196
    MethodCall     go to state 91
    MethodName     go to state 77
    first_id       go to state 92


State 195

   51 Statement: t_if Expression '{' Statement Block '}' t_else '{' • Statement Block '}'

    t_print  shift, and go to state 65
    t_if     shift, and go to state 67
    t_while  shift, and go to state 68
    t_do     shift, and go to state 69
    t_id     shift, and go to state 4

    NesMethodName  go to state 72
    Statement      go to state 197
    MethodCall     go to state 76
    MethodName     go to state 77
    first_id       go to state 104


State 196

   53 Statement: t_do '{' Statement Block '}' t_while '(' Expression • ')' ';'
   62 Expression: Expression • '+' Expression
   63           | Expression • '-' Expression
   64           | Expression • '*' Expression
   65           | Expression • '/' Expression
   66           | Expression • '>' Expression
   67           | Expression • t_geq Expression
   68           | Expression • t_equals Expression
   69           | Expression • t_and Expression
   70           | Expression • t_or Expression

    t_equals  shift, and go to state 121
    t_and     shift, and go to state 122
    t_or      shift, and go to state 123
    ')'       shift, and go to state 198
    '+'       shift, and go to state 125
    '-'       shift, and go to state 126
    '*'       shift, and go to state 127
    '/'       shift, and go to state 128
    t_geq     shift, and go to state 129
    '>'       shift, and go to state 130


State 197

   51 Statement: t_if Expression '{' Statement Block '}' t_else '{' Statement • Block '}'

    t_print  shift, and go to state 65
    t_if     shift, and go to state 67
    t_while  shift, and go to state 68
    t_do     shift, and go to state 69
    t_id     shift, and go to state 4

    $default  reduce using rule 61 (Block)

    NesMethodName  go to state 72
    Statement      go to state 167
    Block          go to state 199
    MethodCall     go to state 76
    MethodName     go to state 77
    first_id       go to state 104


State 198

   53 Statement: t_do '{' Statement Block '}' t_while '(' Expression ')' • ';'

    ';'  shift, and go to state 200


State 199

   51 Statement: t_if Expression '{' Statement Block '}' t_else '{' Statement Block • '}'

    '}'  shift, and go to state 201


State 200

   53 Statement: t_do '{' Statement Block '}' t_while '(' Expression ')' ';' •

    $default  reduce using rule 53 (Statement)


State 201

   51 Statement: t_if Expression '{' Statement Block '}' t_else '{' Statement Block '}' •

    $default  reduce using rule 51 (Statement)
